<?xml version="1.0" encoding="UTF-8"?>
<testng-results skipped="0" failed="0" total="1" passed="1">
  <reporter-output>
  </reporter-output>
  <suite name="Default suite" duration-ms="3440" started-at="2016-01-14T15:22:47Z" finished-at="2016-01-14T15:22:51Z">
    <groups>
    </groups>
    <test name="Default test" duration-ms="3440" started-at="2016-01-14T15:22:47Z" finished-at="2016-01-14T15:22:51Z">
      <class name="com.test.FirstTest">
        <test-method status="PASS" signature="tc_()[pri:0, instance:com.test.FirstTest@6a5fc7f7]" name="tc_" duration-ms="3425" started-at="2016-01-14T15:22:47Z" finished-at="2016-01-14T15:22:51Z">
          <reporter-output>
          </reporter-output>
        </test-method> <!-- tc_ -->
      </class> <!-- com.test.FirstTest -->
    </test> <!-- Default test -->
  </suite> <!-- Default suite -->
</testng-results>
